<?xml version="1.0" encoding="UTF-8"?>
<!-- Generated by org.testng.reporters.JUnitReportReporter -->
<testsuite skipped="0" hostname="LAPTOP-H15N5TDF" name="comCastGitDemo.createGitDemo" tests="1" failures="0" timestamp="10 Mar 2022 09:54:16 GMT" time="0.012" errors="0">
  <testcase name="gitDemo" time="0.012" classname="comCastGitDemo.createGitDemo"/>
</testsuite> <!-- comCastGitDemo.createGitDemo -->
